[LOG] System::create                           : Header version = 1.10.09. Current version = 1.10.09.
[LOG] Manager::init                            : maxchannels = 256 studioflags = 00000006 flags 00000000 extradriverdata 0000000000000000.
[LOG] SystemI::init                            : Initialize version=11009 (97915), maxchannels=256, flags=0x00020000
[LOG] SystemI::setOutputInternal               : Setting output to 'FMOD WASAPI Output'
[LOG] OutputWASAPI::init                       : Mix Format (WAVEFORMATEX): wFormatTag=0x3, nChannels=1, nSamplesPerSec=8000, nAvgBytesPerSec=32000, nBlockAlign=4, wBitsPerSample=32, cbSize=0.
[LOG] OutputWASAPI::init                       : Output buffer size: 680 samples, latency: 0.00ms, period: 10.00ms, DSP buffer: 1024 * 4
[WRN] SystemI::init                            : Output requires a sample rate of 8000Hz, resampling will occur.
[LOG] DownMix::init                            : dspbuffersize: 1024  rate: 48000. output speaker mode: 2, input speaker mode 3
[LOG] DownMix::init                            : done.
[LOG] Thread::initThread                       : Init FMOD stream thread. Priority: 2, Stack Size: 65536, Semaphore: No, Sleep Time: 10, Looping: Yes.
[LOG] Thread::initThread                       : Init FMOD mixer thread. Priority: 3, Stack Size: 49152, Semaphore: No, Sleep Time: 0, Looping: Yes.
[LOG] AsyncManager::init                       : manager 0000000012E663D8 isAsync 0 updatePeriod 0.02
[LOG] AsyncManager::init                       : done
[LOG] PlaybackSystem::init                     : 
[LOG] Thread::initThread                       : Init FMOD Studio sample load thread. Priority: 0, Stack Size: 65536, Semaphore: No, Sleep Time: 1, Looping: No.
[LOG] PlaybackSystem::init                     : done
[LOG] Thread::initThread                       : Init FMOD Studio bank load thread. Priority: 0, Stack Size: 65536, Semaphore: No, Sleep Time: 1, Looping: No.
[LOG] Manager::init                            : done.
[LOG] Manager::readBank                        : fileversion = 101, compatVersion = 99 (oldest = 44, newest = 101)
[LOG] SystemI::createSoundInternal             : Create name='', mode=0x02000202
[LOG] SystemI::createSoundInternal             : exinfo->cbsize             = 232
[LOG] SystemI::createSoundInternal             : exinfo->length             = 2064736
[LOG] SystemI::createSoundInternal             : exinfo->fileoffset         = 28800
[LOG] SystemI::createSoundInternal             : exinfo->numsubsounds       = 1
[LOG] SystemI::createSoundInternal             : exinfo->inclusionlist      = 000000005A47F5FC
[LOG] SystemI::createSoundInternal             : exinfo->inclusionlistnum   = 1
[LOG] SystemI::createSoundInternal             : exinfo->suggestedsoundtype = 5
[LOG] SystemI::createSoundInternal             : exinfo->useropen           = 00007FF912101220
[LOG] SystemI::createSoundInternal             : exinfo->userclose          = 00007FF9121011F0
[LOG] SystemI::createSoundInternal             : exinfo->userread           = 00007FF9121012F0
[LOG] SystemI::createSoundInternal             : exinfo->userseek           = 00007FF9121013B0
[LOG] SystemI::createSoundInternal             : exinfo->fileuserdata       = 0000000012DEFAF8
[LOG] SystemI::createSoundInternal             : exinfo->initialseekpostype = 1
[LOG] SystemI::DSPCodecPoolRegister            : register codec pool for pool type 5
[LOG] SystemI::createSoundInternal             : Sample 0/1: name='ChopBall_ballHitSounds_character-11-2', format=2, channels=1, frequency=48000, lengthbytes=4192, lengthpcm=21799, pcmblocksize=0, loopstart=0, loopend=0, mode=0x00000000, channelmask=0x00000000, channelorder=0, peakvolume=0.374756.
[LOG] SystemI::createSoundInternal             : Create name='', mode=0x02000202
[LOG] SystemI::createSoundInternal             : exinfo->cbsize             = 232
[LOG] SystemI::createSoundInternal             : exinfo->length             = 2064736
[LOG] SystemI::createSoundInternal             : exinfo->fileoffset         = 28800
[LOG] SystemI::createSoundInternal             : exinfo->numsubsounds       = 1
[LOG] SystemI::createSoundInternal             : exinfo->inclusionlist      = 000000005A47F5FC
[LOG] SystemI::createSoundInternal             : exinfo->inclusionlistnum   = 1
[LOG] SystemI::createSoundInternal             : exinfo->suggestedsoundtype = 5
[LOG] SystemI::createSoundInternal             : exinfo->useropen           = 00007FF912101220
[LOG] SystemI::createSoundInternal             : exinfo->userclose          = 00007FF9121011F0
[LOG] SystemI::createSoundInternal             : exinfo->userread           = 00007FF9121012F0
[LOG] SystemI::createSoundInternal             : exinfo->userseek           = 00007FF9121013B0
[LOG] SystemI::createSoundInternal             : exinfo->fileuserdata       = 0000000012DEFAF8
[LOG] SystemI::createSoundInternal             : exinfo->initialseekpostype = 1
[LOG] SystemI::DSPCodecPoolRegister            : register codec pool for pool type 5
[LOG] SystemI::createSoundInternal             : Sample 0/1: name='ChopBall_ballHitSounds_character-10-2', format=2, channels=1, frequency=48000, lengthbytes=5152, lengthpcm=28746, pcmblocksize=0, loopstart=0, loopend=0, mode=0x00000000, channelmask=0x00000000, channelorder=0, peakvolume=0.354034.
[LOG] SystemI::createSoundInternal             : Create name='', mode=0x02000202
[LOG] SystemI::createSoundInternal             : exinfo->cbsize             = 232
[LOG] SystemI::createSoundInternal             : exinfo->length             = 2064736
[LOG] SystemI::createSoundInternal             : exinfo->fileoffset         = 28800
[LOG] SystemI::createSoundInternal             : exinfo->numsubsounds       = 1
[LOG] SystemI::createSoundInternal             : exinfo->inclusionlist      = 000000005A47F5FC
[LOG] SystemI::createSoundInternal             : exinfo->inclusionlistnum   = 1
[LOG] SystemI::createSoundInternal             : exinfo->suggestedsoundtype = 5
[LOG] SystemI::createSoundInternal             : exinfo->useropen           = 00007FF912101220
[LOG] SystemI::createSoundInternal             : exinfo->userclose          = 00007FF9121011F0
[LOG] SystemI::createSoundInternal             : exinfo->userread           = 00007FF9121012F0
[LOG] SystemI::createSoundInternal             : exinfo->userseek           = 00007FF9121013B0
[LOG] SystemI::createSoundInternal             : exinfo->fileuserdata       = 0000000012DEFAF8
[LOG] SystemI::createSoundInternal             : exinfo->initialseekpostype = 1
[LOG] SystemI::DSPCodecPoolRegister            : register codec pool for pool type 5
[LOG] SystemI::createSoundInternal             : Sample 0/1: name='ChopBall_ballHitSounds_character-02-2', format=2, channels=1, frequency=48000, lengthbytes=4096, lengthpcm=23025, pcmblocksize=0, loopstart=0, loopend=0, mode=0x00000000, channelmask=0x00000000, channelorder=0, peakvolume=0.231140.
[LOG] SystemI::createSoundInternal             : Create name='', mode=0x02000202
[LOG] SystemI::createSoundInternal             : exinfo->cbsize             = 232
[LOG] SystemI::createSoundInternal             : exinfo->length             = 2064736
[LOG] SystemI::createSoundInternal             : exinfo->fileoffset         = 28800
[LOG] SystemI::createSoundInternal             : exinfo->numsubsounds       = 1
[LOG] SystemI::createSoundInternal             : exinfo->inclusionlist      = 000000005A47F5FC
[LOG] SystemI::createSoundInternal             : exinfo->inclusionlistnum   = 1
[LOG] SystemI::createSoundInternal             : exinfo->suggestedsoundtype = 5
[LOG] SystemI::createSoundInternal             : exinfo->useropen           = 00007FF912101220
[LOG] SystemI::createSoundInternal             : exinfo->userclose          = 00007FF9121011F0
[LOG] SystemI::createSoundInternal             : exinfo->userread           = 00007FF9121012F0
[LOG] SystemI::createSoundInternal             : exinfo->userseek           = 00007FF9121013B0
[LOG] SystemI::createSoundInternal             : exinfo->fileuserdata       = 0000000012DEFAF8
[LOG] SystemI::createSoundInternal             : exinfo->initialseekpostype = 1
[LOG] SystemI::DSPCodecPoolRegister            : register codec pool for pool type 5
[LOG] SystemI::createSoundInternal             : Sample 0/1: name='ChopBall_ballHitSounds_character-05-2', format=2, channels=1, frequency=48000, lengthbytes=3648, lengthpcm=20164, pcmblocksize=0, loopstart=0, loopend=0, mode=0x00000000, channelmask=0x00000000, channelorder=0, peakvolume=0.355408.
[LOG] SystemI::createSoundInternal             : Create name='', mode=0x02000202
[LOG] SystemI::createSoundInternal             : exinfo->cbsize             = 232
[LOG] SystemI::createSoundInternal             : exinfo->length             = 2064736
[LOG] SystemI::createSoundInternal             : exinfo->fileoffset         = 28800
[LOG] SystemI::createSoundInternal             : exinfo->numsubsounds       = 1
[LOG] SystemI::createSoundInternal             : exinfo->inclusionlist      = 000000005A47F5FC
[LOG] SystemI::createSoundInternal             : exinfo->inclusionlistnum   = 1
[LOG] SystemI::createSoundInternal             : exinfo->suggestedsoundtype = 5
[LOG] SystemI::createSoundInternal             : exinfo->useropen           = 00007FF912101220
[LOG] SystemI::createSoundInternal             : exinfo->userclose          = 00007FF9121011F0
[LOG] SystemI::createSoundInternal             : exinfo->userread           = 00007FF9121012F0
[LOG] SystemI::createSoundInternal             : exinfo->userseek           = 00007FF9121013B0
[LOG] SystemI::createSoundInternal             : exinfo->fileuserdata       = 0000000012DEFAF8
[LOG] SystemI::createSoundInternal             : exinfo->initialseekpostype = 1
[LOG] SystemI::DSPCodecPoolRegister            : register codec pool for pool type 5
[LOG] SystemI::createSoundInternal             : Sample 0/1: name='ChopBall_ballHitSounds_character-08-2', format=2, channels=1, frequency=48000, lengthbytes=2272, lengthpcm=11853, pcmblocksize=0, loopstart=0, loopend=0, mode=0x00000000, channelmask=0x00000000, channelorder=0, peakvolume=0.121552.
[LOG] SystemI::createSoundInternal             : Create name='', mode=0x02000202
[LOG] SystemI::createSoundInternal             : exinfo->cbsize             = 232
[LOG] SystemI::createSoundInternal             : exinfo->length             = 2064736
[LOG] SystemI::createSoundInternal             : exinfo->fileoffset         = 28800
[LOG] SystemI::createSoundInternal             : exinfo->numsubsounds       = 1
[LOG] SystemI::createSoundInternal             : exinfo->inclusionlist      = 000000005A47F5FC
[LOG] SystemI::createSoundInternal             : exinfo->inclusionlistnum   = 1
[LOG] SystemI::createSoundInternal             : exinfo->suggestedsoundtype = 5
[LOG] SystemI::createSoundInternal             : exinfo->useropen           = 00007FF912101220
[LOG] SystemI::createSoundInternal             : exinfo->userclose          = 00007FF9121011F0
[LOG] SystemI::createSoundInternal             : exinfo->userread           = 00007FF9121012F0
[LOG] SystemI::createSoundInternal             : exinfo->userseek           = 00007FF9121013B0
[LOG] SystemI::createSoundInternal             : exinfo->fileuserdata       = 0000000012DEFAF8
[LOG] SystemI::createSoundInternal             : exinfo->initialseekpostype = 1
[LOG] SystemI::DSPCodecPoolRegister            : register codec pool for pool type 5
[LOG] SystemI::createSoundInternal             : Sample 0/1: name='ChopBall_ballHitSounds_character-09-2', format=2, channels=1, frequency=48000, lengthbytes=3328, lengthpcm=17984, pcmblocksize=0, loopstart=0, loopend=0, mode=0x00000000, channelmask=0x00000000, channelorder=0, peakvolume=0.163513.
[LOG] SystemI::createSoundInternal             : Create name='', mode=0x02000202
[LOG] SystemI::createSoundInternal             : exinfo->cbsize             = 232
[LOG] SystemI::createSoundInternal             : exinfo->length             = 2064736
[LOG] SystemI::createSoundInternal             : exinfo->fileoffset         = 28800
[LOG] SystemI::createSoundInternal             : exinfo->numsubsounds       = 1
[LOG] SystemI::createSoundInternal             : exinfo->inclusionlist      = 000000005A47F5FC
[LOG] SystemI::createSoundInternal             : exinfo->inclusionlistnum   = 1
[LOG] SystemI::createSoundInternal             : exinfo->suggestedsoundtype = 5
[LOG] SystemI::createSoundInternal             : exinfo->useropen           = 00007FF912101220
[LOG] SystemI::createSoundInternal             : exinfo->userclose          = 00007FF9121011F0
[LOG] SystemI::createSoundInternal             : exinfo->userread           = 00007FF9121012F0
[LOG] SystemI::createSoundInternal             : exinfo->userseek           = 00007FF9121013B0
[LOG] SystemI::createSoundInternal             : exinfo->fileuserdata       = 0000000012DEFAF8
[LOG] SystemI::createSoundInternal             : exinfo->initialseekpostype = 1
[LOG] SystemI::DSPCodecPoolRegister            : register codec pool for pool type 5
[LOG] SystemI::createSoundInternal             : Sample 0/1: name='ChopBall_ballHitSounds_character-12-2', format=2, channels=1, frequency=48000, lengthbytes=5824, lengthpcm=32698, pcmblocksize=0, loopstart=0, loopend=0, mode=0x00000000, channelmask=0x00000000, channelorder=0, peakvolume=0.377411.
[LOG] SystemI::createSoundInternal             : Create name='', mode=0x02000202
[LOG] SystemI::createSoundInternal             : exinfo->cbsize             = 232
[LOG] SystemI::createSoundInternal             : exinfo->length             = 2064736
[LOG] SystemI::createSoundInternal             : exinfo->fileoffset         = 28800
[LOG] SystemI::createSoundInternal             : exinfo->numsubsounds       = 1
[LOG] SystemI::createSoundInternal             : exinfo->inclusionlist      = 000000005A47F5FC
[LOG] SystemI::createSoundInternal             : exinfo->inclusionlistnum   = 1
[LOG] SystemI::createSoundInternal             : exinfo->suggestedsoundtype = 5
[LOG] SystemI::createSoundInternal             : exinfo->useropen           = 00007FF912101220
[LOG] SystemI::createSoundInternal             : exinfo->userclose          = 00007FF9121011F0
[LOG] SystemI::createSoundInternal             : exinfo->userread           = 00007FF9121012F0
[LOG] SystemI::createSoundInternal             : exinfo->userseek           = 00007FF9121013B0
[LOG] SystemI::createSoundInternal             : exinfo->fileuserdata       = 0000000012DEFAF8
[LOG] SystemI::createSoundInternal             : exinfo->initialseekpostype = 1
[LOG] SystemI::DSPCodecPoolRegister            : register codec pool for pool type 5
[LOG] SystemI::createSoundInternal             : Sample 0/1: name='ChopBall_ballHitSounds_character-01-2', format=2, channels=1, frequency=48000, lengthbytes=2880, lengthpcm=16213, pcmblocksize=0, loopstart=0, loopend=0, mode=0x00000000, channelmask=0x00000000, channelorder=0, peakvolume=0.096161.
[LOG] SystemI::createSoundInternal             : Create name='', mode=0x02000202
[LOG] SystemI::createSoundInternal             : exinfo->cbsize             = 232
[LOG] SystemI::createSoundInternal             : exinfo->length             = 2064736
[LOG] SystemI::createSoundInternal             : exinfo->fileoffset         = 28800
[LOG] SystemI::createSoundInternal             : exinfo->numsubsounds       = 1
[LOG] SystemI::createSoundInternal             : exinfo->inclusionlist      = 000000005A47F5FC
[LOG] SystemI::createSoundInternal             : exinfo->inclusionlistnum   = 1
[LOG] SystemI::createSoundInternal             : exinfo->suggestedsoundtype = 5
[LOG] SystemI::createSoundInternal             : exinfo->useropen           = 00007FF912101220
[LOG] SystemI::createSoundInternal             : exinfo->userclose          = 00007FF9121011F0
[LOG] SystemI::createSoundInternal             : exinfo->userread           = 00007FF9121012F0
[LOG] SystemI::createSoundInternal             : exinfo->userseek           = 00007FF9121013B0
[LOG] SystemI::createSoundInternal             : exinfo->fileuserdata       = 0000000012DEFAF8
[LOG] SystemI::createSoundInternal             : exinfo->initialseekpostype = 1
[LOG] SystemI::DSPCodecPoolRegister            : register codec pool for pool type 5
[LOG] SystemI::createSoundInternal             : Sample 0/1: name='ChopBall_ballHitSounds_character-04-2', format=2, channels=1, frequency=48000, lengthbytes=5440, lengthpcm=30110, pcmblocksize=0, loopstart=0, loopend=0, mode=0x00000000, channelmask=0x00000000, channelorder=0, peakvolume=0.369904.
[LOG] SystemI::createSoundInternal             : Create name='', mode=0x02000202
[LOG] SystemI::createSoundInternal             : exinfo->cbsize             = 232
[LOG] SystemI::createSoundInternal             : exinfo->length             = 2064736
[LOG] SystemI::createSoundInternal             : exinfo->fileoffset         = 28800
[LOG] SystemI::createSoundInternal             : exinfo->numsubsounds       = 1
[LOG] SystemI::createSoundInternal             : exinfo->inclusionlist      = 000000005A47F5FC
[LOG] SystemI::createSoundInternal             : exinfo->inclusionlistnum   = 1
[LOG] SystemI::createSoundInternal             : exinfo->suggestedsoundtype = 5
[LOG] SystemI::createSoundInternal             : exinfo->useropen           = 00007FF912101220
[LOG] SystemI::createSoundInternal             : exinfo->userclose          = 00007FF9121011F0
[LOG] SystemI::createSoundInternal             : exinfo->userread           = 00007FF9121012F0
[LOG] SystemI::createSoundInternal             : exinfo->userseek           = 00007FF9121013B0
[LOG] SystemI::createSoundInternal             : exinfo->fileuserdata       = 0000000012DEFAF8
[LOG] SystemI::createSoundInternal             : exinfo->initialseekpostype = 1
[LOG] SystemI::DSPCodecPoolRegister            : register codec pool for pool type 5
[LOG] SystemI::createSoundInternal             : Sample 0/1: name='ChopBall_ballHitSounds_character-07-2', format=2, channels=1, frequency=48000, lengthbytes=4000, lengthpcm=21662, pcmblocksize=0, loopstart=0, loopend=0, mode=0x00000000, channelmask=0x00000000, channelorder=0, peakvolume=0.258240.
[LOG] SystemI::createSoundInternal             : Create name='', mode=0x02000202
[LOG] SystemI::createSoundInternal             : exinfo->cbsize             = 232
[LOG] SystemI::createSoundInternal             : exinfo->length             = 2064736
[LOG] SystemI::createSoundInternal             : exinfo->fileoffset         = 28800
[LOG] SystemI::createSoundInternal             : exinfo->numsubsounds       = 1
[LOG] SystemI::createSoundInternal             : exinfo->inclusionlist      = 000000005A47F5FC
[LOG] SystemI::createSoundInternal             : exinfo->inclusionlistnum   = 1
[LOG] SystemI::createSoundInternal             : exinfo->suggestedsoundtype = 5
[LOG] SystemI::createSoundInternal             : exinfo->useropen           = 00007FF912101220
[LOG] SystemI::createSoundInternal             : exinfo->userclose          = 00007FF9121011F0
[LOG] SystemI::createSoundInternal             : exinfo->userread           = 00007FF9121012F0
[LOG] SystemI::createSoundInternal             : exinfo->userseek           = 00007FF9121013B0
[LOG] SystemI::createSoundInternal             : exinfo->fileuserdata       = 0000000012DEFAF8
[LOG] SystemI::createSoundInternal             : exinfo->initialseekpostype = 1
[LOG] SystemI::DSPCodecPoolRegister            : register codec pool for pool type 5
[LOG] SystemI::createSoundInternal             : Sample 0/1: name='ChopBall_ballHitSounds_character-06-2', format=2, channels=1, frequency=48000, lengthbytes=4480, lengthpcm=24387, pcmblocksize=0, loopstart=0, loopend=0, mode=0x00000000, channelmask=0x00000000, channelorder=0, peakvolume=0.322693.
[LOG] SystemI::createSoundInternal             : Create name='', mode=0x02000202
[LOG] SystemI::createSoundInternal             : exinfo->cbsize             = 232
[LOG] SystemI::createSoundInternal             : exinfo->length             = 2064736
[LOG] SystemI::createSoundInternal             : exinfo->fileoffset         = 28800
[LOG] SystemI::createSoundInternal             : exinfo->numsubsounds       = 1
[LOG] SystemI::createSoundInternal             : exinfo->inclusionlist      = 000000005A47F5FC
[LOG] SystemI::createSoundInternal             : exinfo->inclusionlistnum   = 1
[LOG] SystemI::createSoundInternal             : exinfo->suggestedsoundtype = 5
[LOG] SystemI::createSoundInternal             : exinfo->useropen           = 00007FF912101220
[LOG] SystemI::createSoundInternal             : exinfo->userclose          = 00007FF9121011F0
[LOG] SystemI::createSoundInternal             : exinfo->userread           = 00007FF9121012F0
[LOG] SystemI::createSoundInternal             : exinfo->userseek           = 00007FF9121013B0
[LOG] SystemI::createSoundInternal             : exinfo->fileuserdata       = 0000000012DEFAF8
[LOG] SystemI::createSoundInternal             : exinfo->initialseekpostype = 1
[LOG] SystemI::DSPCodecPoolRegister            : register codec pool for pool type 5
[LOG] SystemI::createSoundInternal             : Sample 0/1: name='ChopBall_ballHitSounds_character-03-2', format=2, channels=1, frequency=48000, lengthbytes=5152, lengthpcm=28883, pcmblocksize=0, loopstart=0, loopend=0, mode=0x00000000, channelmask=0x00000000, channelorder=0, peakvolume=0.320679.
[LOG] SystemI::createSoundInternal             : Create name='', mode=0x02000202
[LOG] SystemI::createSoundInternal             : exinfo->cbsize             = 232
[LOG] SystemI::createSoundInternal             : exinfo->length             = 2064736
[LOG] SystemI::createSoundInternal             : exinfo->fileoffset         = 28800
[LOG] SystemI::createSoundInternal             : exinfo->numsubsounds       = 1
[LOG] SystemI::createSoundInternal             : exinfo->inclusionlist      = 000000005A47F5FC
[LOG] SystemI::createSoundInternal             : exinfo->inclusionlistnum   = 1
[LOG] SystemI::createSoundInternal             : exinfo->suggestedsoundtype = 5
[LOG] SystemI::createSoundInternal             : exinfo->useropen           = 00007FF912101220
[LOG] SystemI::createSoundInternal             : exinfo->userclose          = 00007FF9121011F0
[LOG] SystemI::createSoundInternal             : exinfo->userread           = 00007FF9121012F0
[LOG] SystemI::createSoundInternal             : exinfo->userseek           = 00007FF9121013B0
[LOG] SystemI::createSoundInternal             : exinfo->fileuserdata       = 0000000032D11588
[LOG] SystemI::createSoundInternal             : exinfo->initialseekpostype = 1
[LOG] SystemI::DSPCodecPoolRegister            : register codec pool for pool type 5
[LOG] SystemI::createSoundInternal             : Sample 0/1: name='ChopBall_grunt-06', format=2, channels=1, frequency=48000, lengthbytes=3552, lengthpcm=19346, pcmblocksize=0, loopstart=0, loopend=0, mode=0x00000000, channelmask=0x00000000, channelorder=0, peakvolume=0.299622.
[LOG] SystemI::createSoundInternal             : Create name='', mode=0x02000202
[LOG] SystemI::createSoundInternal             : exinfo->cbsize             = 232
[LOG] SystemI::createSoundInternal             : exinfo->length             = 2064736
[LOG] SystemI::createSoundInternal             : exinfo->fileoffset         = 28800
[LOG] SystemI::createSoundInternal             : exinfo->numsubsounds       = 1
[LOG] SystemI::createSoundInternal             : exinfo->inclusionlist      = 000000005A47F5FC
[LOG] SystemI::createSoundInternal             : exinfo->inclusionlistnum   = 1
[LOG] SystemI::createSoundInternal             : exinfo->suggestedsoundtype = 5
[LOG] SystemI::createSoundInternal             : exinfo->useropen           = 00007FF912101220
[LOG] SystemI::createSoundInternal             : exinfo->userclose          = 00007FF9121011F0
[LOG] SystemI::createSoundInternal             : exinfo->userread           = 00007FF9121012F0
[LOG] SystemI::createSoundInternal             : exinfo->userseek           = 00007FF9121013B0
[LOG] SystemI::createSoundInternal             : exinfo->fileuserdata       = 0000000032D11588
[LOG] SystemI::createSoundInternal             : exinfo->initialseekpostype = 1
[LOG] SystemI::DSPCodecPoolRegister            : register codec pool for pool type 5
[LOG] SystemI::createSoundInternal             : Sample 0/1: name='ChopBall_whoohs-01', format=2, channels=1, frequency=48000, lengthbytes=4512, lengthpcm=26033, pcmblocksize=0, loopstart=0, loopend=0, mode=0x00000000, channelmask=0x00000000, channelorder=0, peakvolume=0.874359.
[LOG] SystemI::createSoundInternal             : Create name='', mode=0x02000202
[LOG] SystemI::createSoundInternal             : exinfo->cbsize             = 232
[LOG] SystemI::createSoundInternal             : exinfo->length             = 2064736
[LOG] SystemI::createSoundInternal             : exinfo->fileoffset         = 28800
[LOG] SystemI::createSoundInternal             : exinfo->numsubsounds       = 1
[LOG] SystemI::createSoundInternal             : exinfo->inclusionlist      = 000000005A47F5FC
[LOG] SystemI::createSoundInternal             : exinfo->inclusionlistnum   = 1
[LOG] SystemI::createSoundInternal             : exinfo->suggestedsoundtype = 5
[LOG] SystemI::createSoundInternal             : exinfo->useropen           = 00007FF912101220
[LOG] SystemI::createSoundInternal             : exinfo->userclose          = 00007FF9121011F0
[LOG] SystemI::createSoundInternal             : exinfo->userread           = 00007FF9121012F0
[LOG] SystemI::createSoundInternal             : exinfo->userseek           = 00007FF9121013B0
[LOG] SystemI::createSoundInternal             : exinfo->fileuserdata       = 0000000032D11588
[LOG] SystemI::createSoundInternal             : exinfo->initialseekpostype = 1
[LOG] SystemI::DSPCodecPoolRegister            : register codec pool for pool type 5
[LOG] SystemI::createSoundInternal             : Sample 0/1: name='ChopBall_whoohs-02', format=2, channels=1, frequency=48000, lengthbytes=4480, lengthpcm=24781, pcmblocksize=0, loopstart=0, loopend=0, mode=0x00000000, channelmask=0x00000000, channelorder=0, peakvolume=0.561554.
[LOG] SystemI::createSoundInternal             : Create name='', mode=0x02000202
[LOG] SystemI::createSoundInternal             : exinfo->cbsize             = 232
[LOG] SystemI::createSoundInternal             : exinfo->length             = 2064736
[LOG] SystemI::createSoundInternal             : exinfo->fileoffset         = 28800
[LOG] SystemI::createSoundInternal             : exinfo->numsubsounds       = 1
[LOG] SystemI::createSoundInternal             : exinfo->inclusionlist      = 000000005A47F5FC
[LOG] SystemI::createSoundInternal             : exinfo->inclusionlistnum   = 1
[LOG] SystemI::createSoundInternal             : exinfo->suggestedsoundtype = 5
[LOG] SystemI::createSoundInternal             : exinfo->useropen           = 00007FF912101220
[LOG] SystemI::createSoundInternal             : exinfo->userclose          = 00007FF9121011F0
[LOG] SystemI::createSoundInternal             : exinfo->userread           = 00007FF9121012F0
[LOG] SystemI::createSoundInternal             : exinfo->userseek           = 00007FF9121013B0
[LOG] SystemI::createSoundInternal             : exinfo->fileuserdata       = 0000000032D11588
[LOG] SystemI::createSoundInternal             : exinfo->initialseekpostype = 1
[LOG] SystemI::DSPCodecPoolRegister            : register codec pool for pool type 5
[LOG] SystemI::createSoundInternal             : Sample 0/1: name='ChopBall_whoohs-04', format=2, channels=1, frequency=48000, lengthbytes=6880, lengthpcm=38789, pcmblocksize=0, loopstart=0, loopend=0, mode=0x00000000, channelmask=0x00000000, channelorder=0, peakvolume=0.252594.
[LOG] SystemI::createSoundInternal             : Create name='', mode=0x02000202
[LOG] SystemI::createSoundInternal             : exinfo->cbsize             = 232
[LOG] SystemI::createSoundInternal             : exinfo->length             = 2064736
[LOG] SystemI::createSoundInternal             : exinfo->fileoffset         = 28800
[LOG] SystemI::createSoundInternal             : exinfo->numsubsounds       = 1
[LOG] SystemI::createSoundInternal             : exinfo->inclusionlist      = 000000005A47F5FC
[LOG] SystemI::createSoundInternal             : exinfo->inclusionlistnum   = 1
[LOG] SystemI::createSoundInternal             : exinfo->suggestedsoundtype = 5
[LOG] SystemI::createSoundInternal             : exinfo->useropen           = 00007FF912101220
[LOG] SystemI::createSoundInternal             : exinfo->userclose          = 00007FF9121011F0
[LOG] SystemI::createSoundInternal             : exinfo->userread           = 00007FF9121012F0
[LOG] SystemI::createSoundInternal             : exinfo->userseek           = 00007FF9121013B0
[LOG] SystemI::createSoundInternal             : exinfo->fileuserdata       = 0000000032D11588
[LOG] SystemI::createSoundInternal             : exinfo->initialseekpostype = 1
[LOG] SystemI::DSPCodecPoolRegister            : register codec pool for pool type 5
[LOG] SystemI::createSoundInternal             : Sample 0/1: name='ChopBall_grunt-10', format=2, channels=1, frequency=48000, lengthbytes=3072, lengthpcm=17071, pcmblocksize=0, loopstart=0, loopend=0, mode=0x00000000, channelmask=0x00000000, channelorder=0, peakvolume=0.169678.
[LOG] SystemI::createSoundInternal             : Create name='', mode=0x02000202
[LOG] SystemI::createSoundInternal             : exinfo->cbsize             = 232
[LOG] SystemI::createSoundInternal             : exinfo->length             = 2064736
[LOG] SystemI::createSoundInternal             : exinfo->fileoffset         = 28800
[LOG] SystemI::createSoundInternal             : exinfo->numsubsounds       = 1
[LOG] SystemI::createSoundInternal             : exinfo->inclusionlist      = 000000005A47F5FC
[LOG] SystemI::createSoundInternal             : exinfo->inclusionlistnum   = 1
[LOG] SystemI::createSoundInternal             : exinfo->suggestedsoundtype = 5
[LOG] SystemI::createSoundInternal             : exinfo->useropen           = 00007FF912101220
[LOG] SystemI::createSoundInternal             : exinfo->userclose          = 00007FF9121011F0
[LOG] SystemI::createSoundInternal             : exinfo->userread           = 00007FF9121012F0
[LOG] SystemI::createSoundInternal             : exinfo->userseek           = 00007FF9121013B0
[LOG] SystemI::createSoundInternal             : exinfo->fileuserdata       = 0000000032D11588
[LOG] SystemI::createSoundInternal             : exinfo->initialseekpostype = 1
[LOG] SystemI::DSPCodecPoolRegister            : register codec pool for pool type 5
[LOG] SystemI::createSoundInternal             : Sample 0/1: name='ChopBall_grunt-09', format=2, channels=1, frequency=48000, lengthbytes=2688, lengthpcm=14795, pcmblocksize=0, loopstart=0, loopend=0, mode=0x00000000, channelmask=0x00000000, channelorder=0, peakvolume=0.240082.
[LOG] SystemI::createSoundInternal             : Create name='', mode=0x02000202
[LOG] SystemI::createSoundInternal             : exinfo->cbsize             = 232
[LOG] SystemI::createSoundInternal             : exinfo->length             = 2064736
[LOG] SystemI::createSoundInternal             : exinfo->fileoffset         = 28800
[LOG] SystemI::createSoundInternal             : exinfo->numsubsounds       = 1
[LOG] SystemI::createSoundInternal             : exinfo->inclusionlist      = 000000005A47F5FC
[LOG] SystemI::createSoundInternal             : exinfo->inclusionlistnum   = 1
[LOG] SystemI::createSoundInternal             : exinfo->suggestedsoundtype = 5
[LOG] SystemI::createSoundInternal             : exinfo->useropen           = 00007FF912101220
[LOG] SystemI::createSoundInternal             : exinfo->userclose          = 00007FF9121011F0
[LOG] SystemI::createSoundInternal             : exinfo->userread           = 00007FF9121012F0
[LOG] SystemI::createSoundInternal             : exinfo->userseek           = 00007FF9121013B0
[LOG] SystemI::createSoundInternal             : exinfo->fileuserdata       = 0000000032D11588
[LOG] SystemI::createSoundInternal             : exinfo->initialseekpostype = 1
[LOG] SystemI::DSPCodecPoolRegister            : register codec pool for pool type 5
[LOG] SystemI::createSoundInternal             : Sample 0/1: name='ChopBall_grunt-07', format=2, channels=1, frequency=48000, lengthbytes=3712, lengthpcm=21053, pcmblocksize=0, loopstart=0, loopend=0, mode=0x00000000, channelmask=0x00000000, channelorder=0, peakvolume=0.199860.
[LOG] SystemI::createSoundInternal             : Create name='', mode=0x02000202
[LOG] SystemI::createSoundInternal             : exinfo->cbsize             = 232
[LOG] SystemI::createSoundInternal             : exinfo->length             = 2064736
[LOG] SystemI::createSoundInternal             : exinfo->fileoffset         = 28800
[LOG] SystemI::createSoundInternal             : exinfo->numsubsounds       = 1
[LOG] SystemI::createSoundInternal             : exinfo->inclusionlist      = 000000005A47F5FC
[LOG] SystemI::createSoundInternal             : exinfo->inclusionlistnum   = 1
[LOG] SystemI::createSoundInternal             : exinfo->suggestedsoundtype = 5
[LOG] SystemI::createSoundInternal             : exinfo->useropen           = 00007FF912101220
[LOG] SystemI::createSoundInternal             : exinfo->userclose          = 00007FF9121011F0
[LOG] SystemI::createSoundInternal             : exinfo->userread           = 00007FF9121012F0
[LOG] SystemI::createSoundInternal             : exinfo->userseek           = 00007FF9121013B0
[LOG] SystemI::createSoundInternal             : exinfo->fileuserdata       = 0000000032D11588
[LOG] SystemI::createSoundInternal             : exinfo->initialseekpostype = 1
[LOG] SystemI::DSPCodecPoolRegister            : register codec pool for pool type 5
[LOG] SystemI::createSoundInternal             : Sample 0/1: name='ChopBall_whoohs-03', format=2, channels=1, frequency=48000, lengthbytes=3712, lengthpcm=20908, pcmblocksize=0, loopstart=0, loopend=0, mode=0x00000000, channelmask=0x00000000, channelorder=0, peakvolume=0.889221.
[LOG] SystemI::createSoundInternal             : Create name='', mode=0x02000202
[LOG] SystemI::createSoundInternal             : exinfo->cbsize             = 232
[LOG] SystemI::createSoundInternal             : exinfo->length             = 2064736
[LOG] SystemI::createSoundInternal             : exinfo->fileoffset         = 28800
[LOG] SystemI::createSoundInternal             : exinfo->numsubsounds       = 1
[LOG] SystemI::createSoundInternal             : exinfo->inclusionlist      = 000000005A47F5FC
[LOG] SystemI::createSoundInternal             : exinfo->inclusionlistnum   = 1
[LOG] SystemI::createSoundInternal             : exinfo->suggestedsoundtype = 5
[LOG] SystemI::createSoundInternal             : exinfo->useropen           = 00007FF912101220
[LOG] SystemI::createSoundInternal             : exinfo->userclose          = 00007FF9121011F0
[LOG] SystemI::createSoundInternal             : exinfo->userread           = 00007FF9121012F0
[LOG] SystemI::createSoundInternal             : exinfo->userseek           = 00007FF9121013B0
[LOG] SystemI::createSoundInternal             : exinfo->fileuserdata       = 0000000032D11588
[LOG] SystemI::createSoundInternal             : exinfo->initialseekpostype = 1
[LOG] SystemI::DSPCodecPoolRegister            : register codec pool for pool type 5
[LOG] SystemI::createSoundInternal             : Sample 0/1: name='ChopBall_grunt-08', format=2, channels=1, frequency=48000, lengthbytes=3744, lengthpcm=20484, pcmblocksize=0, loopstart=0, loopend=0, mode=0x00000000, channelmask=0x00000000, channelorder=0, peakvolume=0.158813.
[LOG] SystemI::createSoundInternal             : Create name='', mode=0x02000202
[LOG] SystemI::createSoundInternal             : exinfo->cbsize             = 232
[LOG] SystemI::createSoundInternal             : exinfo->length             = 2064736
[LOG] SystemI::createSoundInternal             : exinfo->fileoffset         = 28800
[LOG] SystemI::createSoundInternal             : exinfo->numsubsounds       = 1
[LOG] SystemI::createSoundInternal             : exinfo->inclusionlist      = 000000005A47F5FC
[LOG] SystemI::createSoundInternal             : exinfo->inclusionlistnum   = 1
[LOG] SystemI::createSoundInternal             : exinfo->suggestedsoundtype = 5
[LOG] SystemI::createSoundInternal             : exinfo->useropen           = 00007FF912101220
[LOG] SystemI::createSoundInternal             : exinfo->userclose          = 00007FF9121011F0
[LOG] SystemI::createSoundInternal             : exinfo->userread           = 00007FF9121012F0
[LOG] SystemI::createSoundInternal             : exinfo->userseek           = 00007FF9121013B0
[LOG] SystemI::createSoundInternal             : exinfo->fileuserdata       = 0000000032D11588
[LOG] SystemI::createSoundInternal             : exinfo->initialseekpostype = 1
[LOG] SystemI::DSPCodecPoolRegister            : register codec pool for pool type 5
[LOG] SystemI::createSoundInternal             : Sample 0/1: name='ChopBall_whoohs-06', format=2, channels=1, frequency=48000, lengthbytes=4128, lengthpcm=21152, pcmblocksize=0, loopstart=0, loopend=0, mode=0x00000000, channelmask=0x00000000, channelorder=0, peakvolume=0.603668.
[LOG] SystemI::createSoundInternal             : Create name='', mode=0x02000202
[LOG] SystemI::createSoundInternal             : exinfo->cbsize             = 232
[LOG] SystemI::createSoundInternal             : exinfo->length             = 2064736
[LOG] SystemI::createSoundInternal             : exinfo->fileoffset         = 28800
[LOG] SystemI::createSoundInternal             : exinfo->numsubsounds       = 1
[LOG] SystemI::createSoundInternal             : exinfo->inclusionlist      = 000000005A47F5FC
[LOG] SystemI::createSoundInternal             : exinfo->inclusionlistnum   = 1
[LOG] SystemI::createSoundInternal             : exinfo->suggestedsoundtype = 5
[LOG] SystemI::createSoundInternal             : exinfo->useropen           = 00007FF912101220
[LOG] SystemI::createSoundInternal             : exinfo->userclose          = 00007FF9121011F0
[LOG] SystemI::createSoundInternal             : exinfo->userread           = 00007FF9121012F0
[LOG] SystemI::createSoundInternal             : exinfo->userseek           = 00007FF9121013B0
[LOG] SystemI::createSoundInternal             : exinfo->fileuserdata       = 0000000032D11588
[LOG] SystemI::createSoundInternal             : exinfo->initialseekpostype = 1
[LOG] SystemI::DSPCodecPoolRegister            : register codec pool for pool type 5
[LOG] SystemI::createSoundInternal             : Sample 0/1: name='ChopBall_grunt-04', format=2, channels=1, frequency=48000, lengthbytes=2848, lengthpcm=15435, pcmblocksize=0, loopstart=0, loopend=0, mode=0x00000000, channelmask=0x00000000, channelorder=0, peakvolume=0.316101.
[LOG] Manager::readBank                        : fileversion = 101, compatVersion = 99 (oldest = 44, newest = 101)
[LOG] Manager::readBank                        : fileversion = 101, compatVersion = 99 (oldest = 44, newest = 101)
[LOG] Manager::readBank                        : fileversion = 101, compatVersion = 99 (oldest = 44, newest = 101)
[LOG] Manager::readBank                        : fileversion = 101, compatVersion = 99 (oldest = 44, newest = 101)
[LOG] Manager::readBank                        : fileversion = 101, compatVersion = 99 (oldest = 44, newest = 101)
[LOG] Manager::readBank                        : fileversion = 101, compatVersion = 99 (oldest = 44, newest = 101)
[LOG] Manager::readBank                        : fileversion = 101, compatVersion = 99 (oldest = 44, newest = 101)
[LOG] Manager::readBank                        : fileversion = 101, compatVersion = 99 (oldest = 44, newest = 101)
[LOG] Manager::readBank                        : fileversion = 101, compatVersion = 99 (oldest = 44, newest = 101)
[LOG] SystemI::createSound                     : filename = FMODProject\ChopBall\FMOD_Builds\Desktop/Master Bank.bank : mode 02010082
[LOG] SystemI::createSound                     : FMOD_NONBLOCKING specified.  Putting into queue to be opened asynchronously!
[LOG] SystemI::createSound                     : setdata soundi = 0000000032CFD6C8 : node = 000000000E008E20
[LOG] SystemI::createSound                     : add node to async list : head = 0000000032AF6768.  list count = 0
[LOG] AsyncThread::threadFunc                  : Starting Asynchronous operation on sound 0000000032CFD6C8
[LOG] SystemI::createSoundInternal             :     Create name='FMODProject\ChopBall\FMOD_Builds\Desktop/Master Bank.bank', mode=0x02010082
[LOG] SystemI::createSoundInternal             :     exinfo->cbsize             = 232
[LOG] SystemI::createSoundInternal             :     exinfo->length             = 2064736
[LOG] SystemI::createSoundInternal             :     exinfo->fileoffset         = 28800
[LOG] SystemI::createSoundInternal             :     exinfo->numsubsounds       = 1
[LOG] SystemI::createSoundInternal             :     exinfo->inclusionlist      = 000000000E008F38
[LOG] SystemI::createSoundInternal             :     exinfo->inclusionlistnum   = 1
[LOG] SystemI::createSoundInternal             :     exinfo->suggestedsoundtype = 5
[LOG] SystemI::createSoundInternal             :     exinfo->initialseekpostype = 1
[LOG] SystemI::createSoundInternal             :     Stream 0/1: name='ChopTaiko2', format=2, channels=2, frequency=48000, lengthbytes=526400, lengthpcm=2209461, pcmblocksize=0, loopstart=0, loopend=0, mode=0x00000000, channelmask=0x00000000, channelorder=0, peakvolume=0.999969.
[LOG] AsyncThread::threadFunc                  : Finished Asynchronous operation on sound 0000000032CFD6C8
[LOG] SoundI::getSubSound                      : sound 0000000032CFD6C8.  Subsound index 0 / 1
[LOG] SoundI::release                          : ChopTaiko2 (0000000032CAF248)
[LOG] SoundI::release                          :     ChopTaiko2 (0000000032797928)
[LOG] SoundI::release                          :     ChopTaiko2 (0000000032D64168)
[LOG] Manager::readBank                        : fileversion = 101, compatVersion = 99 (oldest = 44, newest = 101)
[LOG] Manager::readBank                        : fileversion = 101, compatVersion = 99 (oldest = 44, newest = 101)
[LOG] Manager::readBank                        : fileversion = 101, compatVersion = 99 (oldest = 44, newest = 101)
[LOG] Manager::readBank                        : fileversion = 101, compatVersion = 99 (oldest = 44, newest = 101)
[LOG] Manager::readBank                        : fileversion = 101, compatVersion = 99 (oldest = 44, newest = 101)
[LOG] Manager::readBank                        : fileversion = 101, compatVersion = 99 (oldest = 44, newest = 101)
[LOG] Manager::readBank                        : fileversion = 101, compatVersion = 99 (oldest = 44, newest = 101)
[LOG] AsyncThread::threadFunc                  : Starting Asynchronous operation on sound 000000003264FFA8
[LOG] AsyncThread::threadFunc                  : Finished Asynchronous operation on sound 000000003264FFA8
[LOG] Manager::readBank                        : fileversion = 101, compatVersion = 99 (oldest = 44, newest = 101)
[LOG] Manager::readBank                        : fileversion = 101, compatVersion = 99 (oldest = 44, newest = 101)
[LOG] Manager::readBank                        : fileversion = 101, compatVersion = 99 (oldest = 44, newest = 101)
[LOG] Manager::readBank                        : fileversion = 101, compatVersion = 99 (oldest = 44, newest = 101)
[LOG] SystemI::createSound                     : filename = FMODProject\ChopBall\FMOD_Builds\Desktop/Master Bank.bank : mode 02010082
[LOG] SystemI::createSound                     : FMOD_NONBLOCKING specified.  Putting into queue to be opened asynchronously!
[LOG] SystemI::createSound                     : setdata soundi = 0000000032CFD1B8 : node = 000000000E009600
[LOG] SystemI::createSound                     : add node to async list : head = 0000000032AF6768.  list count = 0
[LOG] AsyncThread::threadFunc                  : Starting Asynchronous operation on sound 0000000032CFD1B8
[LOG] SystemI::createSoundInternal             :     Create name='FMODProject\ChopBall\FMOD_Builds\Desktop/Master Bank.bank', mode=0x02010082
[LOG] SystemI::createSoundInternal             :     exinfo->cbsize             = 232
[LOG] SystemI::createSoundInternal             :     exinfo->length             = 2064736
[LOG] SystemI::createSoundInternal             :     exinfo->fileoffset         = 28800
[LOG] SystemI::createSoundInternal             :     exinfo->numsubsounds       = 1
[LOG] SystemI::createSoundInternal             :     exinfo->inclusionlist      = 000000000E009718
[LOG] SystemI::createSoundInternal             :     exinfo->inclusionlistnum   = 1
[LOG] SystemI::createSoundInternal             :     exinfo->suggestedsoundtype = 5
[LOG] SystemI::createSoundInternal             :     exinfo->initialseekpostype = 1
[LOG] SystemI::createSoundInternal             :     Stream 0/1: name='ChopTaiko2', format=2, channels=2, frequency=48000, lengthbytes=526400, lengthpcm=2209461, pcmblocksize=0, loopstart=0, loopend=0, mode=0x00000000, channelmask=0x00000000, channelorder=0, peakvolume=0.999969.
[LOG] AsyncThread::threadFunc                  : Finished Asynchronous operation on sound 0000000032CFD1B8
[LOG] SoundI::getSubSound                      : sound 0000000032CFD1B8.  Subsound index 0 / 1
[LOG] SoundI::release                          : ChopTaiko2 (0000000032CFD6C8)
[LOG] SoundI::release                          :     ChopTaiko2 (000000004B0B6248)
[LOG] SoundI::release                          :     ChopTaiko2 (000000003264FFA8)
[LOG] Manager::readBank                        : fileversion = 101, compatVersion = 99 (oldest = 44, newest = 101)
[LOG] Manager::readBank                        : fileversion = 101, compatVersion = 99 (oldest = 44, newest = 101)
[LOG] Manager::readBank                        : fileversion = 101, compatVersion = 99 (oldest = 44, newest = 101)
[LOG] Manager::readBank                        : fileversion = 101, compatVersion = 99 (oldest = 44, newest = 101)
[LOG] Manager::readBank                        : fileversion = 101, compatVersion = 99 (oldest = 44, newest = 101)
[LOG] Manager::readBank                        : fileversion = 101, compatVersion = 99 (oldest = 44, newest = 101)
[LOG] AsyncThread::threadFunc                  : Starting Asynchronous operation on sound 00000000327EA4C8
[LOG] AsyncThread::threadFunc                  : Finished Asynchronous operation on sound 00000000327EA4C8
[LOG] SoundI::release                          : ChopTaiko2 (0000000032CFD1B8)
[LOG] SoundI::release                          :     ChopTaiko2 (0000000032796C28)
[LOG] SoundI::release                          :     ChopTaiko2 (00000000327EA4C8)
[LOG] SoundI::release                          :  (0000000032D20738)
[LOG] SoundI::release                          :     ChopBall_whoohs-02 (00000000328E0668)
[LOG] SoundI::release                          :  (0000000032D1FD28)
[LOG] SoundI::release                          :     ChopBall_whoohs-03 (0000000032936B68)
[LOG] SoundI::release                          :  (0000000032D21598)
[LOG] SoundI::release                          :     ChopBall_whoohs-04 (0000000032B5F5E8)
[LOG] SoundI::release                          :  (0000000032D20A18)
[LOG] SoundI::release                          :     ChopBall_whoohs-06 (0000000032936EA8)
[LOG] SoundI::release                          :  (0000000032D205C8)
[LOG] SoundI::release                          :     ChopBall_whoohs-01 (0000000032798778)
[LOG] SoundI::release                          :  (0000000032D20B88)
[LOG] SoundI::release                          :     ChopBall_grunt-04 (00000000329369C8)
[LOG] SoundI::release                          :  (0000000032D21148)
[LOG] SoundI::release                          :     ChopBall_grunt-06 (0000000032798AB8)
[LOG] SoundI::release                          :  (0000000032D21708)
[LOG] SoundI::release                          :     ChopBall_grunt-07 (0000000032B5F448)
[LOG] SoundI::release                          :  (0000000032D21428)
[LOG] SoundI::release                          :     ChopBall_grunt-08 (0000000032936D08)
[LOG] SoundI::release                          :  (0000000032D20008)
[LOG] SoundI::release                          :     ChopBall_grunt-09 (0000000032B5F2A8)
[LOG] SoundI::release                          :  (0000000032D21B58)
[LOG] SoundI::release                          :     ChopBall_grunt-10 (0000000032B5F108)
[LOG] SoundI::release                          :  (0000000032938638)
[LOG] SoundI::release                          :     ChopBall_ballHitSounds_character-06-2 (0000000032D0D318)
[LOG] SoundI::release                          :  (0000000032939328)
[LOG] SoundI::release                          :     ChopBall_ballHitSounds_character-07-2 (0000000032D0D178)
[LOG] SoundI::release                          :  (0000000032938358)
[LOG] SoundI::release                          :     ChopBall_ballHitSounds_character-08-2 (0000000012E7A2C8)
[LOG] SoundI::release                          :  (0000000032939EA8)
[LOG] SoundI::release                          :     ChopBall_ballHitSounds_character-09-2 (0000000012E7A468)
[LOG] SoundI::release                          :  (0000000032939778)
[LOG] SoundI::release                          :     ChopBall_ballHitSounds_character-10-2 (00000000326DE7E8)
[LOG] SoundI::release                          :  (0000000032939D38)
[LOG] SoundI::release                          :     ChopBall_ballHitSounds_character-11-2 (00000000326DE4A8)
[LOG] SoundI::release                          :  (00000000329384C8)
[LOG] SoundI::release                          :     ChopBall_ballHitSounds_character-12-2 (0000000012E79F88)
[LOG] SoundI::release                          :  (0000000032938918)
[LOG] SoundI::release                          :     ChopBall_ballHitSounds_character-01-2 (0000000032D0D658)
[LOG] SoundI::release                          :  (00000000329398E8)
[LOG] SoundI::release                          :     ChopBall_ballHitSounds_character-02-2 (00000000326DE648)
[LOG] SoundI::release                          :  (0000000032D20CF8)
[LOG] SoundI::release                          :     ChopBall_ballHitSounds_character-03-2 (000000004B0B63E8)
[LOG] SoundI::release                          :  (00000000329391B8)
[LOG] SoundI::release                          :     ChopBall_ballHitSounds_character-04-2 (0000000032D0D4B8)
[LOG] SoundI::release                          :  (0000000032939BC8)
[LOG] SoundI::release                          :     ChopBall_ballHitSounds_character-05-2 (00000000326DE988)
[LOG] Thread::callback                         : FMOD Studio update thread finished.
[LOG] Thread::callback                         : FMOD Studio bank load thread finished.
[LOG] Profile::disconnectAll                   : Profiler disconnecting all clients
[LOG] Thread::callback                         : FMOD Studio sample load thread finished.
[LOG] LiveUpdate::release                      : 
[LOG] LiveUpdate::reset                        : Reset connection (reason Disconnected)
[LOG] Thread::callback                         : FMOD stream thread finished.
[LOG] Thread::callback                         : FMOD mixer thread finished.
[LOG] Profile::disconnectAll                   : Profiler disconnecting all clients
[LOG] SystemI::close                           : Closed.
[LOG] Manager::readBank                        : fileversion = 101, compatVersion = 99 (oldest = 44, newest = 101)
[LOG] Manager::readBank                        : fileversion = 101, compatVersion = 99 (oldest = 44, newest = 101)
[LOG] Manager::readBank                        : fileversion = 101, compatVersion = 99 (oldest = 44, newest = 101)
[LOG] Manager::readBank                        : fileversion = 101, compatVersion = 99 (oldest = 44, newest = 101)
[LOG] Manager::readBank                        : fileversion = 101, compatVersion = 99 (oldest = 44, newest = 101)
[LOG] Manager::readBank                        : fileversion = 101, compatVersion = 99 (oldest = 44, newest = 101)
[LOG] PlaybackSystem::acquireMasterBus         : Setting master channel group format to 6
[LOG] Manager::readBank                        : fileversion = 101, compatVersion = 99 (oldest = 44, newest = 101)
[LOG] Thread::callback                         : FMOD Studio bank load thread finished.
[LOG] Thread::callback                         : FMOD Studio sample load thread finished.
[LOG] LiveUpdate::release                      : 
[LOG] LiveUpdate::reset                        : Reset connection (reason Disconnected)
[LOG] Thread::callback                         : FMOD stream thread finished.
[LOG] Thread::callback                         : FMOD mixer thread finished.
[LOG] Thread::callback                         : FMOD nonblocking thread (0) finished.
[LOG] Thread::callback                         : FMOD file thread finished.
[LOG] SystemI::close                           : Closed.
